{
  level: 'info',
  message: 'HTTP OPTIONS /user-service/auth/friends-list/659f0b74b8ea7a492a3e9eaf',
  metadata: {
    meta: {
      req: {
        url: '/user-service/auth/friends-list/659f0b74b8ea7a492a3e9eaf',
        headers: {
          host: '127.0.0.1:8080',
          connection: 'keep-alive',
          accept: '*/*',
          'access-control-request-method': 'GET',
          'access-control-request-headers': 'authorization',
          origin: 'http://localhost:3000',
          'user-agent': 'Mozilla/5.0 (Windows NT 10.0; Win64; x64) AppleWebKit/537.36 (KHTML, like Gecko) Chrome/120.0.0.0 Safari/537.36 OPR/106.0.0.0',
          'sec-fetch-mode': 'cors',
          'sec-fetch-site': 'cross-site',
          'sec-fetch-dest': 'empty',
          referer: 'http://localhost:3000/',
          'accept-encoding': 'gzip, deflate, br',
          'accept-language': 'tr-TR,tr;q=0.9,en-US;q=0.8,en;q=0.7',
          'content-length': '0'
        },
        method: 'OPTIONS',
        httpVersion: '1.1',
        originalUrl: '/user-service/auth/friends-list/659f0b74b8ea7a492a3e9eaf',
        query: {}
      },
      res: { statusCode: 204 },
      responseTime: 3
    },
    timestamp: '2024-02-28 13-22:34-445'
  }
}
{
  level: 'info',
  message: 'HTTP GET /user-service/auth/friends-list/659f0b74b8ea7a492a3e9eaf',
  metadata: {
    meta: {
      req: {
        url: '/user-service/auth/friends-list/659f0b74b8ea7a492a3e9eaf',
        headers: {
          host: '127.0.0.1:8080',
          connection: 'keep-alive',
          'sec-ch-ua': '"Not_A Brand";v="8", "Chromium";v="120", "Opera GX";v="106"',
          accept: 'application/json, text/plain, */*',
          'sec-ch-ua-mobile': '?0',
          authorization: 'eyJhbGciOiJIUzI1NiIsInR5cCI6IkpXVCJ9.eyJfaWQiOiI2NTlmMGI3NGI4ZWE3YTQ5MmEzZTllYWYiLCJpc0FkbWluIjp0cnVlLCJpYXQiOjE3MDkxMTQwMDIsImV4cCI6MTcwOTExNzYwMn0.TvA1b-nGSMaBkz4nTpGtCCGSIlgmpFhyP-EMK0guHvc',
          'user-agent': 'Mozilla/5.0 (Windows NT 10.0; Win64; x64) AppleWebKit/537.36 (KHTML, like Gecko) Chrome/120.0.0.0 Safari/537.36 OPR/106.0.0.0',
          'sec-ch-ua-platform': '"Windows"',
          origin: 'http://localhost:3000',
          'sec-fetch-site': 'cross-site',
          'sec-fetch-mode': 'cors',
          'sec-fetch-dest': 'empty',
          referer: 'http://localhost:3000/',
          'accept-encoding': 'gzip, deflate, br',
          'accept-language': 'tr-TR,tr;q=0.9,en-US;q=0.8,en;q=0.7',
          'if-none-match': 'W/"3dfa-oCwQO17UGNR9Ex4iVq/Au1u9xyc"'
        },
        method: 'GET',
        httpVersion: '1.1',
        originalUrl: '/user-service/auth/friends-list/659f0b74b8ea7a492a3e9eaf',
        query: {}
      },
      res: { statusCode: 304 },
      responseTime: 303
    },
    timestamp: '2024-02-28 13-22:34-752'
  }
}
{
  level: 'info',
  message: 'HTTP OPTIONS /user-service/auth/friends-list/659f0b74b8ea7a492a3e9eaf',
  metadata: {
    meta: {
      req: {
        url: '/user-service/auth/friends-list/659f0b74b8ea7a492a3e9eaf',
        headers: {
          host: '127.0.0.1:8080',
          connection: 'keep-alive',
          accept: '*/*',
          'access-control-request-method': 'GET',
          'access-control-request-headers': 'authorization',
          origin: 'http://localhost:3000',
          'user-agent': 'Mozilla/5.0 (Windows NT 10.0; Win64; x64) AppleWebKit/537.36 (KHTML, like Gecko) Chrome/120.0.0.0 Safari/537.36 OPR/106.0.0.0',
          'sec-fetch-mode': 'cors',
          'sec-fetch-site': 'cross-site',
          'sec-fetch-dest': 'empty',
          referer: 'http://localhost:3000/',
          'accept-encoding': 'gzip, deflate, br',
          'accept-language': 'tr-TR,tr;q=0.9,en-US;q=0.8,en;q=0.7',
          'content-length': '0'
        },
        method: 'OPTIONS',
        httpVersion: '1.1',
        originalUrl: '/user-service/auth/friends-list/659f0b74b8ea7a492a3e9eaf',
        query: {}
      },
      res: { statusCode: 204 },
      responseTime: 2
    },
    timestamp: '2024-02-28 13-23:37-455'
  }
}
{
  level: 'info',
  message: 'HTTP GET /user-service/auth/friends-list/659f0b74b8ea7a492a3e9eaf',
  metadata: {
    meta: {
      req: {
        url: '/user-service/auth/friends-list/659f0b74b8ea7a492a3e9eaf',
        headers: {
          host: '127.0.0.1:8080',
          connection: 'keep-alive',
          'sec-ch-ua': '"Not_A Brand";v="8", "Chromium";v="120", "Opera GX";v="106"',
          accept: 'application/json, text/plain, */*',
          'sec-ch-ua-mobile': '?0',
          authorization: 'eyJhbGciOiJIUzI1NiIsInR5cCI6IkpXVCJ9.eyJfaWQiOiI2NTlmMGI3NGI4ZWE3YTQ5MmEzZTllYWYiLCJpc0FkbWluIjp0cnVlLCJpYXQiOjE3MDkxMTQwMDIsImV4cCI6MTcwOTExNzYwMn0.TvA1b-nGSMaBkz4nTpGtCCGSIlgmpFhyP-EMK0guHvc',
          'user-agent': 'Mozilla/5.0 (Windows NT 10.0; Win64; x64) AppleWebKit/537.36 (KHTML, like Gecko) Chrome/120.0.0.0 Safari/537.36 OPR/106.0.0.0',
          'sec-ch-ua-platform': '"Windows"',
          origin: 'http://localhost:3000',
          'sec-fetch-site': 'cross-site',
          'sec-fetch-mode': 'cors',
          'sec-fetch-dest': 'empty',
          referer: 'http://localhost:3000/',
          'accept-encoding': 'gzip, deflate, br',
          'accept-language': 'tr-TR,tr;q=0.9,en-US;q=0.8,en;q=0.7',
          'if-none-match': 'W/"3dfa-oCwQO17UGNR9Ex4iVq/Au1u9xyc"'
        },
        method: 'GET',
        httpVersion: '1.1',
        originalUrl: '/user-service/auth/friends-list/659f0b74b8ea7a492a3e9eaf',
        query: {}
      },
      res: { statusCode: 304 },
      responseTime: 311
    },
    timestamp: '2024-02-28 13-23:37-769'
  }
}
{
  level: 'info',
  message: 'HTTP OPTIONS /user-service/auth/friends-list/659f0b74b8ea7a492a3e9eaf',
  metadata: {
    meta: {
      req: {
        url: '/user-service/auth/friends-list/659f0b74b8ea7a492a3e9eaf',
        headers: {
          host: '127.0.0.1:8080',
          connection: 'keep-alive',
          accept: '*/*',
          'access-control-request-method': 'GET',
          'access-control-request-headers': 'authorization',
          origin: 'http://localhost:3000',
          'user-agent': 'Mozilla/5.0 (Windows NT 10.0; Win64; x64) AppleWebKit/537.36 (KHTML, like Gecko) Chrome/120.0.0.0 Safari/537.36 OPR/106.0.0.0',
          'sec-fetch-mode': 'cors',
          'sec-fetch-site': 'cross-site',
          'sec-fetch-dest': 'empty',
          referer: 'http://localhost:3000/',
          'accept-encoding': 'gzip, deflate, br',
          'accept-language': 'tr-TR,tr;q=0.9,en-US;q=0.8,en;q=0.7',
          'content-length': '0'
        },
        method: 'OPTIONS',
        httpVersion: '1.1',
        originalUrl: '/user-service/auth/friends-list/659f0b74b8ea7a492a3e9eaf',
        query: {}
      },
      res: { statusCode: 204 },
      responseTime: 11
    },
    timestamp: '2024-02-28 13-24:31-455'
  }
}
{
  level: 'info',
  message: 'HTTP GET /user-service/auth/friends-list/659f0b74b8ea7a492a3e9eaf',
  metadata: {
    meta: {
      req: {
        url: '/user-service/auth/friends-list/659f0b74b8ea7a492a3e9eaf',
        headers: {
          host: '127.0.0.1:8080',
          connection: 'keep-alive',
          'sec-ch-ua': '"Not_A Brand";v="8", "Chromium";v="120", "Opera GX";v="106"',
          accept: 'application/json, text/plain, */*',
          'sec-ch-ua-mobile': '?0',
          authorization: 'eyJhbGciOiJIUzI1NiIsInR5cCI6IkpXVCJ9.eyJfaWQiOiI2NTlmMGI3NGI4ZWE3YTQ5MmEzZTllYWYiLCJpc0FkbWluIjp0cnVlLCJpYXQiOjE3MDkxMTQwMDIsImV4cCI6MTcwOTExNzYwMn0.TvA1b-nGSMaBkz4nTpGtCCGSIlgmpFhyP-EMK0guHvc',
          'user-agent': 'Mozilla/5.0 (Windows NT 10.0; Win64; x64) AppleWebKit/537.36 (KHTML, like Gecko) Chrome/120.0.0.0 Safari/537.36 OPR/106.0.0.0',
          'sec-ch-ua-platform': '"Windows"',
          origin: 'http://localhost:3000',
          'sec-fetch-site': 'cross-site',
          'sec-fetch-mode': 'cors',
          'sec-fetch-dest': 'empty',
          referer: 'http://localhost:3000/',
          'accept-encoding': 'gzip, deflate, br',
          'accept-language': 'tr-TR,tr;q=0.9,en-US;q=0.8,en;q=0.7',
          'if-none-match': 'W/"3dfa-oCwQO17UGNR9Ex4iVq/Au1u9xyc"'
        },
        method: 'GET',
        httpVersion: '1.1',
        originalUrl: '/user-service/auth/friends-list/659f0b74b8ea7a492a3e9eaf',
        query: {}
      },
      res: { statusCode: 304 },
      responseTime: 292
    },
    timestamp: '2024-02-28 13-24:31-751'
  }
}
{
  level: 'info',
  message: 'HTTP GET /user-service/auth/allusers/659f0b74b8ea7a492a3e9eaf',
  metadata: {
    meta: {
      req: {
        url: '/user-service/auth/allusers/659f0b74b8ea7a492a3e9eaf',
        headers: {
          host: '127.0.0.1:8080',
          connection: 'keep-alive',
          'sec-ch-ua': '"Not_A Brand";v="8", "Chromium";v="120", "Opera GX";v="106"',
          accept: 'application/json, text/plain, */*',
          'sec-ch-ua-mobile': '?0',
          'user-agent': 'Mozilla/5.0 (Windows NT 10.0; Win64; x64) AppleWebKit/537.36 (KHTML, like Gecko) Chrome/120.0.0.0 Safari/537.36 OPR/106.0.0.0',
          'sec-ch-ua-platform': '"Windows"',
          origin: 'http://localhost:3000',
          'sec-fetch-site': 'cross-site',
          'sec-fetch-mode': 'cors',
          'sec-fetch-dest': 'empty',
          referer: 'http://localhost:3000/',
          'accept-encoding': 'gzip, deflate, br',
          'accept-language': 'tr-TR,tr;q=0.9,en-US;q=0.8,en;q=0.7',
          'if-none-match': 'W/"3c91-0pXj+4makoe0duCJluGka58Ycmg"'
        },
        method: 'GET',
        httpVersion: '1.1',
        originalUrl: '/user-service/auth/allusers/659f0b74b8ea7a492a3e9eaf',
        query: {}
      },
      res: { statusCode: 304 },
      responseTime: 271
    },
    timestamp: '2024-02-28 13-27:56-289'
  }
}
{
  level: 'warn',
  message: 'HTTP GET /user-service/auth/user/info/659f0b74b8ea7a492a3e9eaf',
  metadata: {
    meta: {
      req: {
        url: '/user-service/auth/user/info/659f0b74b8ea7a492a3e9eaf',
        headers: {
          host: '127.0.0.1:8080',
          connection: 'keep-alive',
          'sec-ch-ua': '"Not_A Brand";v="8", "Chromium";v="120", "Opera GX";v="106"',
          accept: 'application/json, text/plain, */*',
          'sec-ch-ua-mobile': '?0',
          'user-agent': 'Mozilla/5.0 (Windows NT 10.0; Win64; x64) AppleWebKit/537.36 (KHTML, like Gecko) Chrome/120.0.0.0 Safari/537.36 OPR/106.0.0.0',
          'sec-ch-ua-platform': '"Windows"',
          origin: 'http://localhost:3000',
          'sec-fetch-site': 'cross-site',
          'sec-fetch-mode': 'cors',
          'sec-fetch-dest': 'empty',
          referer: 'http://localhost:3000/',
          'accept-encoding': 'gzip, deflate, br',
          'accept-language': 'tr-TR,tr;q=0.9,en-US;q=0.8,en;q=0.7'
        },
        method: 'GET',
        httpVersion: '1.1',
        originalUrl: '/user-service/auth/user/info/659f0b74b8ea7a492a3e9eaf',
        query: {}
      },
      res: { statusCode: 401 },
      responseTime: 6
    },
    timestamp: '2024-02-28 13-27:56-862'
  }
}
{
  level: 'info',
  message: 'HTTP OPTIONS /user-service/auth/user/info/659f0b74b8ea7a492a3e9eaf',
  metadata: {
    meta: {
      req: {
        url: '/user-service/auth/user/info/659f0b74b8ea7a492a3e9eaf',
        headers: {
          host: '127.0.0.1:8080',
          connection: 'keep-alive',
          accept: '*/*',
          'access-control-request-method': 'GET',
          'access-control-request-headers': 'authorization',
          origin: 'http://localhost:3000',
          'user-agent': 'Mozilla/5.0 (Windows NT 10.0; Win64; x64) AppleWebKit/537.36 (KHTML, like Gecko) Chrome/120.0.0.0 Safari/537.36 OPR/106.0.0.0',
          'sec-fetch-mode': 'cors',
          'sec-fetch-site': 'cross-site',
          'sec-fetch-dest': 'empty',
          referer: 'http://localhost:3000/',
          'accept-encoding': 'gzip, deflate, br',
          'accept-language': 'tr-TR,tr;q=0.9,en-US;q=0.8,en;q=0.7',
          'content-length': '0'
        },
        method: 'OPTIONS',
        httpVersion: '1.1',
        originalUrl: '/user-service/auth/user/info/659f0b74b8ea7a492a3e9eaf',
        query: {}
      },
      res: { statusCode: 204 },
      responseTime: 2
    },
    timestamp: '2024-02-28 13-28:20-745'
  }
}
{
  level: 'info',
  message: 'HTTP GET /user-service/auth/user/info/659f0b74b8ea7a492a3e9eaf',
  metadata: {
    meta: {
      req: {
        url: '/user-service/auth/user/info/659f0b74b8ea7a492a3e9eaf',
        headers: {
          host: '127.0.0.1:8080',
          connection: 'keep-alive',
          'sec-ch-ua': '"Not_A Brand";v="8", "Chromium";v="120", "Opera GX";v="106"',
          accept: 'application/json, text/plain, */*',
          'sec-ch-ua-mobile': '?0',
          authorization: 'eyJhbGciOiJIUzI1NiIsInR5cCI6IkpXVCJ9.eyJfaWQiOiI2NTlmMGI3NGI4ZWE3YTQ5MmEzZTllYWYiLCJpc0FkbWluIjp0cnVlLCJpYXQiOjE3MDkxMTQwMDIsImV4cCI6MTcwOTExNzYwMn0.TvA1b-nGSMaBkz4nTpGtCCGSIlgmpFhyP-EMK0guHvc',
          'user-agent': 'Mozilla/5.0 (Windows NT 10.0; Win64; x64) AppleWebKit/537.36 (KHTML, like Gecko) Chrome/120.0.0.0 Safari/537.36 OPR/106.0.0.0',
          'sec-ch-ua-platform': '"Windows"',
          origin: 'http://localhost:3000',
          'sec-fetch-site': 'cross-site',
          'sec-fetch-mode': 'cors',
          'sec-fetch-dest': 'empty',
          referer: 'http://localhost:3000/',
          'accept-encoding': 'gzip, deflate, br',
          'accept-language': 'tr-TR,tr;q=0.9,en-US;q=0.8,en;q=0.7'
        },
        method: 'GET',
        httpVersion: '1.1',
        originalUrl: '/user-service/auth/user/info/659f0b74b8ea7a492a3e9eaf',
        query: {}
      },
      res: { statusCode: 200 },
      responseTime: 180
    },
    timestamp: '2024-02-28 13-28:20-928'
  }
}
{
  level: 'info',
  message: 'HTTP OPTIONS /user-service/auth/user/info/659f0b74b8ea7a492a3e9eaf',
  metadata: {
    meta: {
      req: {
        url: '/user-service/auth/user/info/659f0b74b8ea7a492a3e9eaf',
        headers: {
          host: '127.0.0.1:8080',
          connection: 'keep-alive',
          accept: '*/*',
          'access-control-request-method': 'GET',
          'access-control-request-headers': 'authorization',
          origin: 'http://localhost:3000',
          'user-agent': 'Mozilla/5.0 (Windows NT 10.0; Win64; x64) AppleWebKit/537.36 (KHTML, like Gecko) Chrome/120.0.0.0 Safari/537.36 OPR/106.0.0.0',
          'sec-fetch-mode': 'cors',
          'sec-fetch-site': 'cross-site',
          'sec-fetch-dest': 'empty',
          referer: 'http://localhost:3000/',
          'accept-encoding': 'gzip, deflate, br',
          'accept-language': 'tr-TR,tr;q=0.9,en-US;q=0.8,en;q=0.7',
          'content-length': '0'
        },
        method: 'OPTIONS',
        httpVersion: '1.1',
        originalUrl: '/user-service/auth/user/info/659f0b74b8ea7a492a3e9eaf',
        query: {}
      },
      res: { statusCode: 204 },
      responseTime: 3
    },
    timestamp: '2024-02-28 13-28:32-448'
  }
}
{
  level: 'info',
  message: 'HTTP GET /user-service/auth/user/info/659f0b74b8ea7a492a3e9eaf',
  metadata: {
    meta: {
      req: {
        url: '/user-service/auth/user/info/659f0b74b8ea7a492a3e9eaf',
        headers: {
          host: '127.0.0.1:8080',
          connection: 'keep-alive',
          'sec-ch-ua': '"Not_A Brand";v="8", "Chromium";v="120", "Opera GX";v="106"',
          accept: 'application/json, text/plain, */*',
          'sec-ch-ua-mobile': '?0',
          authorization: 'eyJhbGciOiJIUzI1NiIsInR5cCI6IkpXVCJ9.eyJfaWQiOiI2NTlmMGI3NGI4ZWE3YTQ5MmEzZTllYWYiLCJpc0FkbWluIjp0cnVlLCJpYXQiOjE3MDkxMTQwMDIsImV4cCI6MTcwOTExNzYwMn0.TvA1b-nGSMaBkz4nTpGtCCGSIlgmpFhyP-EMK0guHvc',
          'user-agent': 'Mozilla/5.0 (Windows NT 10.0; Win64; x64) AppleWebKit/537.36 (KHTML, like Gecko) Chrome/120.0.0.0 Safari/537.36 OPR/106.0.0.0',
          'sec-ch-ua-platform': '"Windows"',
          origin: 'http://localhost:3000',
          'sec-fetch-site': 'cross-site',
          'sec-fetch-mode': 'cors',
          'sec-fetch-dest': 'empty',
          referer: 'http://localhost:3000/',
          'accept-encoding': 'gzip, deflate, br',
          'accept-language': 'tr-TR,tr;q=0.9,en-US;q=0.8,en;q=0.7',
          'if-none-match': 'W/"1a34-Ng9/KReH836tEUjn0q0Yss1bkgA"'
        },
        method: 'GET',
        httpVersion: '1.1',
        originalUrl: '/user-service/auth/user/info/659f0b74b8ea7a492a3e9eaf',
        query: {}
      },
      res: { statusCode: 304 },
      responseTime: 176
    },
    timestamp: '2024-02-28 13-28:32-628'
  }
}
