{
  level: 'info',
  message: 'HTTP POST /user-service/auth/login',
  metadata: {
    meta: {
      req: {
        url: '/user-service/auth/login',
        headers: {
          host: '127.0.0.1:8080',
          connection: 'keep-alive',
          'content-length': '60',
          'sec-ch-ua': '"Not A(Brand";v="99", "Opera GX";v="107", "Chromium";v="121"',
          accept: 'application/json, text/plain, */*',
          'content-type': 'application/json',
          'sec-ch-ua-mobile': '?0',
          'user-agent': 'Mozilla/5.0 (Windows NT 10.0; Win64; x64) AppleWebKit/537.36 (KHTML, like Gecko) Chrome/121.0.0.0 Safari/537.36 OPR/107.0.0.0',
          'sec-ch-ua-platform': '"Windows"',
          origin: 'http://localhost:3000',
          'sec-fetch-site': 'cross-site',
          'sec-fetch-mode': 'cors',
          'sec-fetch-dest': 'empty',
          referer: 'http://localhost:3000/',
          'accept-encoding': 'gzip, deflate, br',
          'accept-language': 'tr-TR,tr;q=0.9,en-US;q=0.8,en;q=0.7'
        },
        method: 'POST',
        httpVersion: '1.1',
        originalUrl: '/user-service/auth/login',
        query: {}
      },
      res: { statusCode: 200 },
      responseTime: 721
    },
    timestamp: '2024-03-03 14-55:19-796'
  }
}
{
  level: 'info',
  message: 'HTTP GET /user-service/auth/allusers/659f0b74b8ea7a492a3e9eaf',
  metadata: {
    meta: {
      req: {
        url: '/user-service/auth/allusers/659f0b74b8ea7a492a3e9eaf',
        headers: {
          host: '127.0.0.1:8080',
          connection: 'keep-alive',
          'sec-ch-ua': '"Not A(Brand";v="99", "Opera GX";v="107", "Chromium";v="121"',
          accept: 'application/json, text/plain, */*',
          'sec-ch-ua-mobile': '?0',
          authorization: 'eyJhbGciOiJIUzI1NiIsInR5cCI6IkpXVCJ9.eyJfaWQiOiI2NTlmMGI3NGI4ZWE3YTQ5MmEzZTllYWYiLCJpc0FkbWluIjp0cnVlLCJpYXQiOjE3MDk0NjY5MTksImV4cCI6MTcwOTQ3MDUxOX0.xRhmHIBEwZMsABe6r5kQRef9TIQglQoegLQubDIeWgY',
          'user-agent': 'Mozilla/5.0 (Windows NT 10.0; Win64; x64) AppleWebKit/537.36 (KHTML, like Gecko) Chrome/121.0.0.0 Safari/537.36 OPR/107.0.0.0',
          'sec-ch-ua-platform': '"Windows"',
          origin: 'http://localhost:3000',
          'sec-fetch-site': 'cross-site',
          'sec-fetch-mode': 'cors',
          'sec-fetch-dest': 'empty',
          referer: 'http://localhost:3000/',
          'accept-encoding': 'gzip, deflate, br',
          'accept-language': 'tr-TR,tr;q=0.9,en-US;q=0.8,en;q=0.7',
          'if-none-match': 'W/"3c91-0pXj+4makoe0duCJluGka58Ycmg"'
        },
        method: 'GET',
        httpVersion: '1.1',
        originalUrl: '/user-service/auth/allusers/659f0b74b8ea7a492a3e9eaf',
        query: {}
      },
      res: { statusCode: 304 },
      responseTime: 390
    },
    timestamp: '2024-03-03 14-55:20-262'
  }
}
{
  level: 'info',
  message: 'HTTP GET /user-service/auth/friends-list/659f0b74b8ea7a492a3e9eaf',
  metadata: {
    meta: {
      req: {
        url: '/user-service/auth/friends-list/659f0b74b8ea7a492a3e9eaf',
        headers: {
          host: '127.0.0.1:8080',
          connection: 'keep-alive',
          'sec-ch-ua': '"Not A(Brand";v="99", "Opera GX";v="107", "Chromium";v="121"',
          accept: 'application/json, text/plain, */*',
          'sec-ch-ua-mobile': '?0',
          authorization: 'eyJhbGciOiJIUzI1NiIsInR5cCI6IkpXVCJ9.eyJfaWQiOiI2NTlmMGI3NGI4ZWE3YTQ5MmEzZTllYWYiLCJpc0FkbWluIjp0cnVlLCJpYXQiOjE3MDk0NjY5MTksImV4cCI6MTcwOTQ3MDUxOX0.xRhmHIBEwZMsABe6r5kQRef9TIQglQoegLQubDIeWgY',
          'user-agent': 'Mozilla/5.0 (Windows NT 10.0; Win64; x64) AppleWebKit/537.36 (KHTML, like Gecko) Chrome/121.0.0.0 Safari/537.36 OPR/107.0.0.0',
          'sec-ch-ua-platform': '"Windows"',
          origin: 'http://localhost:3000',
          'sec-fetch-site': 'cross-site',
          'sec-fetch-mode': 'cors',
          'sec-fetch-dest': 'empty',
          referer: 'http://localhost:3000/',
          'accept-encoding': 'gzip, deflate, br',
          'accept-language': 'tr-TR,tr;q=0.9,en-US;q=0.8,en;q=0.7',
          'if-none-match': 'W/"3dfa-GDc64HSma9QtTcl+5uHfzutVzhQ"'
        },
        method: 'GET',
        httpVersion: '1.1',
        originalUrl: '/user-service/auth/friends-list/659f0b74b8ea7a492a3e9eaf',
        query: {}
      },
      res: { statusCode: 304 },
      responseTime: 362
    },
    timestamp: '2024-03-03 14-55:23-262'
  }
}
{
  level: 'info',
  message: 'HTTP DELETE /user-service/auth/remove-friend/659f0b74b8ea7a492a3e9eaf/65d74078e8b38dc3051461cd',
  metadata: {
    meta: {
      req: {
        url: '/user-service/auth/remove-friend/659f0b74b8ea7a492a3e9eaf/65d74078e8b38dc3051461cd',
        headers: {
          host: '127.0.0.1:8080',
          connection: 'keep-alive',
          'sec-ch-ua': '"Not A(Brand";v="99", "Opera GX";v="107", "Chromium";v="121"',
          accept: 'application/json, text/plain, */*',
          'sec-ch-ua-mobile': '?0',
          authorization: 'eyJhbGciOiJIUzI1NiIsInR5cCI6IkpXVCJ9.eyJfaWQiOiI2NTlmMGI3NGI4ZWE3YTQ5MmEzZTllYWYiLCJpc0FkbWluIjp0cnVlLCJpYXQiOjE3MDk0NjY5MTksImV4cCI6MTcwOTQ3MDUxOX0.xRhmHIBEwZMsABe6r5kQRef9TIQglQoegLQubDIeWgY',
          'user-agent': 'Mozilla/5.0 (Windows NT 10.0; Win64; x64) AppleWebKit/537.36 (KHTML, like Gecko) Chrome/121.0.0.0 Safari/537.36 OPR/107.0.0.0',
          'sec-ch-ua-platform': '"Windows"',
          origin: 'http://localhost:3000',
          'sec-fetch-site': 'cross-site',
          'sec-fetch-mode': 'cors',
          'sec-fetch-dest': 'empty',
          referer: 'http://localhost:3000/',
          'accept-encoding': 'gzip, deflate, br',
          'accept-language': 'tr-TR,tr;q=0.9,en-US;q=0.8,en;q=0.7',
          'content-length': '0'
        },
        method: 'DELETE',
        httpVersion: '1.1',
        originalUrl: '/user-service/auth/remove-friend/659f0b74b8ea7a492a3e9eaf/65d74078e8b38dc3051461cd',
        query: {}
      },
      res: { statusCode: 200 },
      responseTime: 736
    },
    timestamp: '2024-03-03 14-55:27-022'
  }
}
{
  level: 'info',
  message: 'HTTP GET /user-service/auth/friends-list/659f0b74b8ea7a492a3e9eaf',
  metadata: {
    meta: {
      req: {
        url: '/user-service/auth/friends-list/659f0b74b8ea7a492a3e9eaf',
        headers: {
          host: '127.0.0.1:8080',
          connection: 'keep-alive',
          'sec-ch-ua': '"Not A(Brand";v="99", "Opera GX";v="107", "Chromium";v="121"',
          accept: 'application/json, text/plain, */*',
          'sec-ch-ua-mobile': '?0',
          authorization: 'eyJhbGciOiJIUzI1NiIsInR5cCI6IkpXVCJ9.eyJfaWQiOiI2NTlmMGI3NGI4ZWE3YTQ5MmEzZTllYWYiLCJpc0FkbWluIjp0cnVlLCJpYXQiOjE3MDk0NjY5MTksImV4cCI6MTcwOTQ3MDUxOX0.xRhmHIBEwZMsABe6r5kQRef9TIQglQoegLQubDIeWgY',
          'user-agent': 'Mozilla/5.0 (Windows NT 10.0; Win64; x64) AppleWebKit/537.36 (KHTML, like Gecko) Chrome/121.0.0.0 Safari/537.36 OPR/107.0.0.0',
          'sec-ch-ua-platform': '"Windows"',
          origin: 'http://localhost:3000',
          'sec-fetch-site': 'cross-site',
          'sec-fetch-mode': 'cors',
          'sec-fetch-dest': 'empty',
          referer: 'http://localhost:3000/',
          'accept-encoding': 'gzip, deflate, br',
          'accept-language': 'tr-TR,tr;q=0.9,en-US;q=0.8,en;q=0.7',
          'if-none-match': 'W/"3dfa-GDc64HSma9QtTcl+5uHfzutVzhQ"'
        },
        method: 'GET',
        httpVersion: '1.1',
        originalUrl: '/user-service/auth/friends-list/659f0b74b8ea7a492a3e9eaf',
        query: {}
      },
      res: { statusCode: 200 },
      responseTime: 356
    },
    timestamp: '2024-03-03 14-55:27-386'
  }
}
{
  level: 'info',
  message: 'HTTP GET /user-service/auth/allusers/659f0b74b8ea7a492a3e9eaf',
  metadata: {
    meta: {
      req: {
        url: '/user-service/auth/allusers/659f0b74b8ea7a492a3e9eaf',
        headers: {
          host: '127.0.0.1:8080',
          connection: 'keep-alive',
          'sec-ch-ua': '"Not A(Brand";v="99", "Opera GX";v="107", "Chromium";v="121"',
          accept: 'application/json, text/plain, */*',
          'sec-ch-ua-mobile': '?0',
          authorization: 'eyJhbGciOiJIUzI1NiIsInR5cCI6IkpXVCJ9.eyJfaWQiOiI2NTlmMGI3NGI4ZWE3YTQ5MmEzZTllYWYiLCJpc0FkbWluIjp0cnVlLCJpYXQiOjE3MDk0NjY5MTksImV4cCI6MTcwOTQ3MDUxOX0.xRhmHIBEwZMsABe6r5kQRef9TIQglQoegLQubDIeWgY',
          'user-agent': 'Mozilla/5.0 (Windows NT 10.0; Win64; x64) AppleWebKit/537.36 (KHTML, like Gecko) Chrome/121.0.0.0 Safari/537.36 OPR/107.0.0.0',
          'sec-ch-ua-platform': '"Windows"',
          origin: 'http://localhost:3000',
          'sec-fetch-site': 'cross-site',
          'sec-fetch-mode': 'cors',
          'sec-fetch-dest': 'empty',
          referer: 'http://localhost:3000/',
          'accept-encoding': 'gzip, deflate, br',
          'accept-language': 'tr-TR,tr;q=0.9,en-US;q=0.8,en;q=0.7',
          'if-none-match': 'W/"3c91-0pXj+4makoe0duCJluGka58Ycmg"'
        },
        method: 'GET',
        httpVersion: '1.1',
        originalUrl: '/user-service/auth/allusers/659f0b74b8ea7a492a3e9eaf',
        query: {}
      },
      res: { statusCode: 304 },
      responseTime: 363
    },
    timestamp: '2024-03-03 14-55:29-542'
  }
}
